<?xml version="1.0" encoding="UTF-8"?>
<testng-results ignored="0" total="1" passed="1" failed="0" skipped="0">
  <reporter-output>
  </reporter-output>
  <suite started-at="2023-07-06T11:29:28 IST" name="Default suite" finished-at="2023-07-06T11:29:31 IST" duration-ms="3691">
    <groups>
    </groups>
    <test started-at="2023-07-06T11:29:28 IST" name="Default test" finished-at="2023-07-06T11:29:31 IST" duration-ms="3691">
      <class name="MavenExamples.Test3">
        <test-method signature="d1Test()[pri:0, instance:MavenExamples.Test3@13acb0d1]" started-at="2023-07-06T11:29:28 IST" name="d1Test" finished-at="2023-07-06T11:29:31 IST" duration-ms="3671" status="PASS">
          <reporter-output>
          </reporter-output>
        </test-method> <!-- d1Test -->
      </class> <!-- MavenExamples.Test3 -->
    </test> <!-- Default test -->
  </suite> <!-- Default suite -->
</testng-results>
